<?xml version="1.0" encoding="UTF-8"?>
<testng-results skipped="0" failed="0" ignored="0" total="1" passed="1">
  <reporter-output>
  </reporter-output>
  <suite name="Default suite" duration-ms="47483" started-at="2018-11-08T13:23:58Z" finished-at="2018-11-08T13:24:45Z">
    <groups>
    </groups>
    <test name="Default test" duration-ms="47483" started-at="2018-11-08T13:23:58Z" finished-at="2018-11-08T13:24:45Z">
      <class name="gmail.Login">
        <test-method status="PASS" signature="LunchTest()[pri:0, instance:gmail.Login@4520ebad]" name="LunchTest" duration-ms="47461" started-at="2018-11-08T18:53:58Z" finished-at="2018-11-08T18:54:45Z">
          <reporter-output>
          </reporter-output>
        </test-method> <!-- LunchTest -->
      </class> <!-- gmail.Login -->
    </test> <!-- Default test -->
  </suite> <!-- Default suite -->
</testng-results>
